nohup: ignoring input
--- Logging error ---
Traceback (most recent call last):
  File "C:\Users\Cavin\AppData\Local\Programs\Python\Python39\lib\logging\__init__.py", line 1086, in emit
    stream.write(msg + self.terminator)
  File "C:\Users\Cavin\AppData\Local\Programs\Python\Python39\lib\encodings\cp1252.py", line 19, in encode
    return codecs.charmap_encode(input,self.errors,encoding_table)[0]
UnicodeEncodeError: 'charmap' codec can't encode character '\U0001f680' in position 31: character maps to <undefined>
Call stack:
  File "C:\Users\Cavin\OneDrive\Desktop\PepeProphet\main.py", line 107, in <module>
    run_bot()
  File "C:\Users\Cavin\OneDrive\Desktop\PepeProphet\main.py", line 41, in run_bot
    logger.info("\U0001f680 Starting new hybrid prediction cycle...")
Message: '\U0001f680 Starting new hybrid prediction cycle...'
Arguments: ()
--- Logging error ---
Traceback (most recent call last):
  File "C:\Users\Cavin\AppData\Local\Programs\Python\Python39\lib\logging\__init__.py", line 1086, in emit
    stream.write(msg + self.terminator)
  File "C:\Users\Cavin\AppData\Local\Programs\Python\Python39\lib\encodings\cp1252.py", line 19, in encode
    return codecs.charmap_encode(input,self.errors,encoding_table)[0]
UnicodeEncodeError: 'charmap' codec can't encode character '\U0001f91d' in position 55: character maps to <undefined>
Call stack:
  File "C:\Users\Cavin\OneDrive\Desktop\PepeProphet\main.py", line 107, in <module>
    run_bot()
  File "C:\Users\Cavin\OneDrive\Desktop\PepeProphet\main.py", line 67, in run_bot
    logger.info(f"[Alert] {coin.upper()} Action: {action}")
Message: '[Alert] BITCOIN Action: \U0001f91d Hold'
Arguments: ()
--- Logging error ---
Traceback (most recent call last):
  File "C:\Users\Cavin\AppData\Local\Programs\Python\Python39\lib\logging\__init__.py", line 1086, in emit
    stream.write(msg + self.terminator)
  File "C:\Users\Cavin\AppData\Local\Programs\Python\Python39\lib\encodings\cp1252.py", line 19, in encode
    return codecs.charmap_encode(input,self.errors,encoding_table)[0]
UnicodeEncodeError: 'charmap' codec can't encode character '\U0001f91d' in position 56: character maps to <undefined>
Call stack:
  File "C:\Users\Cavin\OneDrive\Desktop\PepeProphet\main.py", line 107, in <module>
    run_bot()
  File "C:\Users\Cavin\OneDrive\Desktop\PepeProphet\main.py", line 67, in run_bot
    logger.info(f"[Alert] {coin.upper()} Action: {action}")
Message: '[Alert] ETHEREUM Action: \U0001f91d Hold'
Arguments: ()
--- Logging error ---
Traceback (most recent call last):
  File "C:\Users\Cavin\AppData\Local\Programs\Python\Python39\lib\logging\__init__.py", line 1086, in emit
    stream.write(msg + self.terminator)
  File "C:\Users\Cavin\AppData\Local\Programs\Python\Python39\lib\encodings\cp1252.py", line 19, in encode
    return codecs.charmap_encode(input,self.errors,encoding_table)[0]
UnicodeEncodeError: 'charmap' codec can't encode character '\U0001f91d' in position 54: character maps to <undefined>
Call stack:
  File "C:\Users\Cavin\OneDrive\Desktop\PepeProphet\main.py", line 107, in <module>
    run_bot()
  File "C:\Users\Cavin\OneDrive\Desktop\PepeProphet\main.py", line 67, in run_bot
    logger.info(f"[Alert] {coin.upper()} Action: {action}")
Message: '[Alert] RIPPLE Action: \U0001f91d Hold'
Arguments: ()
--- Logging error ---
Traceback (most recent call last):
  File "C:\Users\Cavin\AppData\Local\Programs\Python\Python39\lib\logging\__init__.py", line 1086, in emit
    stream.write(msg + self.terminator)
  File "C:\Users\Cavin\AppData\Local\Programs\Python\Python39\lib\encodings\cp1252.py", line 19, in encode
    return codecs.charmap_encode(input,self.errors,encoding_table)[0]
UnicodeEncodeError: 'charmap' codec can't encode character '\U0001f91d' in position 54: character maps to <undefined>
Call stack:
  File "C:\Users\Cavin\OneDrive\Desktop\PepeProphet\main.py", line 107, in <module>
    run_bot()
  File "C:\Users\Cavin\OneDrive\Desktop\PepeProphet\main.py", line 67, in run_bot
    logger.info(f"[Alert] {coin.upper()} Action: {action}")
Message: '[Alert] SOLANA Action: \U0001f91d Hold'
Arguments: ()
--- Logging error ---
Traceback (most recent call last):
  File "C:\Users\Cavin\AppData\Local\Programs\Python\Python39\lib\logging\__init__.py", line 1086, in emit
    stream.write(msg + self.terminator)
  File "C:\Users\Cavin\AppData\Local\Programs\Python\Python39\lib\encodings\cp1252.py", line 19, in encode
    return codecs.charmap_encode(input,self.errors,encoding_table)[0]
UnicodeEncodeError: 'charmap' codec can't encode character '\U0001f91d' in position 67: character maps to <undefined>
Call stack:
  File "C:\Users\Cavin\OneDrive\Desktop\PepeProphet\main.py", line 107, in <module>
    run_bot()
  File "C:\Users\Cavin\OneDrive\Desktop\PepeProphet\main.py", line 96, in run_bot
    logger.info(f"[Alert] {name} Action: {action}")
Message: '[Alert] MIND (Mind of Pepe) Action: \U0001f91d Hold'
Arguments: ()
--- Logging error ---
Traceback (most recent call last):
  File "C:\Users\Cavin\AppData\Local\Programs\Python\Python39\lib\logging\__init__.py", line 1086, in emit
    stream.write(msg + self.terminator)
  File "C:\Users\Cavin\AppData\Local\Programs\Python\Python39\lib\encodings\cp1252.py", line 19, in encode
    return codecs.charmap_encode(input,self.errors,encoding_table)[0]
UnicodeEncodeError: 'charmap' codec can't encode character '\U0001f91d' in position 71: character maps to <undefined>
Call stack:
  File "C:\Users\Cavin\OneDrive\Desktop\PepeProphet\main.py", line 107, in <module>
    run_bot()
  File "C:\Users\Cavin\OneDrive\Desktop\PepeProphet\main.py", line 96, in run_bot
    logger.info(f"[Alert] {name} Action: {action}")
Message: '[Alert] WEPE (Wall Street Pepe) Action: \U0001f91d Hold'
Arguments: ()
--- Logging error ---
Traceback (most recent call last):
  File "C:\Users\Cavin\AppData\Local\Programs\Python\Python39\lib\logging\__init__.py", line 1086, in emit
    stream.write(msg + self.terminator)
  File "C:\Users\Cavin\AppData\Local\Programs\Python\Python39\lib\encodings\cp1252.py", line 19, in encode
    return codecs.charmap_encode(input,self.errors,encoding_table)[0]
UnicodeEncodeError: 'charmap' codec can't encode character '\u2705' in position 31: character maps to <undefined>
Call stack:
  File "C:\Users\Cavin\OneDrive\Desktop\PepeProphet\main.py", line 107, in <module>
    run_bot()
  File "C:\Users\Cavin\OneDrive\Desktop\PepeProphet\main.py", line 103, in run_bot
    logger.info("\u2705 Cycle complete. Sleeping for 1 hour...\n")
Message: '\u2705 Cycle complete. Sleeping for 1 hour...\n'
Arguments: ()
