2025-06-04 23:34:21,247 [INFO] [Market] BITCOIN - Price: $104663, Volume: 24511867706
2025-06-04 23:34:22,909 [INFO] [Market] ETHEREUM - Price: $2615.47, Volume: 16119676864
2025-06-04 23:34:24,298 [INFO] [Market] RIPPLE - Price: $2.2, Volume: 1661698715
2025-06-04 23:34:26,846 [INFO] [Market] SOLANA - Price: $152.87, Volume: 3014781570
2025-06-04 23:34:28,424 [INFO] [DexScreener] Fetching MIND (Mind of Pepe)...
2025-06-04 23:34:29,693 [INFO] [DexScreener] Fetching WEPE (Wall Street Pepe)...
2025-06-04 23:34:30,928 [INFO] [DexScreener] Fetching MOODENG...
2025-06-04 23:34:31,123 [ERROR] [DexScreener Error] MOODENG: 'NoneType' object is not subscriptable
2025-06-04 23:45:12,112 [INFO] [Market] BITCOIN - Price: $104608, Volume: 24557049563
2025-06-04 23:45:14,160 [INFO] [Market] ETHEREUM - Price: $2613.78, Volume: 16167481777
2025-06-04 23:45:16,629 [INFO] [Market] RIPPLE - Price: $2.2, Volume: 1675810843
2025-06-04 23:45:18,462 [INFO] [Market] SOLANA - Price: $152.76, Volume: 3020509684
2025-06-04 23:45:20,187 [INFO] [DexScreener] Fetching MIND (Mind of Pepe)...
2025-06-04 23:45:21,294 [INFO] [DexScreener] Fetching WEPE (Wall Street Pepe)...
2025-06-04 23:45:22,431 [INFO] [DexScreener] Fetching MOODENG...
2025-06-04 23:45:22,852 [ERROR] [DexScreener Error] MOODENG: 'NoneType' object is not subscriptable
2025-06-04 23:50:46,723 [INFO] [Market] BITCOIN - Price: $104559, Volume: 24677157027
2025-06-04 23:50:48,224 [INFO] [Market] ETHEREUM - Price: $2610.68, Volume: 16375568895
2025-06-04 23:50:49,665 [INFO] [Market] RIPPLE - Price: $2.2, Volume: 1805260826
2025-06-04 23:50:50,996 [INFO] [Market] SOLANA - Price: $152.68, Volume: 3025657511
2025-06-04 23:50:52,411 [INFO] [DexScreener] Fetching MIND (Mind of Pepe)...
2025-06-04 23:50:53,529 [INFO] [DexScreener] Fetching WEPE (Wall Street Pepe)...
2025-06-04 23:50:54,614 [INFO] [DexScreener] Fetching MOODENG...
2025-06-04 23:50:54,815 [ERROR] [DexScreener Error] MOODENG: 'NoneType' object is not subscriptable
2025-06-04 23:55:43,673 [INFO] [Market] BITCOIN - Price: $104531, Volume: 24695248724
2025-06-04 23:55:45,141 [INFO] [Market] ETHEREUM - Price: $2610.11, Volume: 16398891886
2025-06-04 23:55:46,631 [INFO] [Market] RIPPLE - Price: $2.19, Volume: 1711657836
2025-06-04 23:55:48,181 [INFO] [Market] SOLANA - Price: $152.38, Volume: 3022948303
2025-06-04 23:55:49,654 [INFO] [DexScreener] Fetching MIND (Mind of Pepe)...
2025-06-04 23:55:50,778 [INFO] [DexScreener] Fetching WEPE (Wall Street Pepe)...
2025-06-04 23:55:52,006 [INFO] [DexScreener] Fetching MOODENG...
2025-06-04 23:55:52,189 [ERROR] [DexScreener Error] MOODENG: 'NoneType' object is not subscriptable
2025-06-04 23:59:41,569 [INFO] 🚀 Starting new hybrid prediction cycle...
2025-06-04 23:59:41,821 [INFO] [Market] BITCOIN - Price: $104527, Volume: 24555365248
2025-06-04 23:59:42,394 [INFO] [Alert] BITCOIN Action: 🤝 Hold
2025-06-04 23:59:43,529 [INFO] [Market] ETHEREUM - Price: $2609.54, Volume: 17369932200
2025-06-04 23:59:44,030 [INFO] [Alert] ETHEREUM Action: 🤝 Hold
2025-06-04 23:59:44,980 [INFO] [Market] RIPPLE - Price: $2.19, Volume: 1711293635
2025-06-04 23:59:45,433 [INFO] [Alert] RIPPLE Action: 🤝 Hold
2025-06-04 23:59:46,371 [INFO] [Market] SOLANA - Price: $152.33, Volume: 3021097330
2025-06-04 23:59:46,860 [INFO] [Alert] SOLANA Action: 🤝 Hold
2025-06-04 23:59:47,827 [INFO] [DexScreener] Fetching MIND (Mind of Pepe)...
2025-06-04 23:59:48,049 [INFO] [Alert] MIND (Mind of Pepe) Action: 🤝 Hold
2025-06-04 23:59:48,975 [INFO] [DexScreener] Fetching WEPE (Wall Street Pepe)...
2025-06-04 23:59:49,162 [INFO] [Alert] WEPE (Wall Street Pepe) Action: 🤝 Hold
2025-06-04 23:59:50,176 [INFO] [DexScreener] Fetching MOODENG...
2025-06-04 23:59:50,392 [ERROR] [DexScreener Error] MOODENG: 'NoneType' object is not subscriptable
2025-06-04 23:59:50,393 [INFO] ✅ Cycle complete. Sleeping for 1 hour...

2025-06-05 00:18:22,436 [INFO] 🚀 Starting new hybrid prediction cycle...
2025-06-05 00:18:22,658 [INFO] [Market] BITCOIN - Price: $104527, Volume: 24794154184
2025-06-05 00:18:23,177 [INFO] [Alert] BITCOIN Action: 📉 Strong Sell
2025-06-05 00:18:24,080 [INFO] [Market] ETHEREUM - Price: $2609.58, Volume: 17208194896
2025-06-05 00:18:24,547 [INFO] [Alert] ETHEREUM Action: 📉 Strong Sell
2025-06-05 00:18:25,510 [INFO] [Market] RIPPLE - Price: $2.19, Volume: 1723175964
2025-06-05 00:18:25,983 [INFO] [Alert] RIPPLE Action: 📉 Strong Sell
2025-06-05 00:18:26,885 [INFO] [Market] SOLANA - Price: $152.46, Volume: 3091163593
2025-06-05 00:18:27,626 [INFO] [Alert] SOLANA Action: 📉 Strong Sell
2025-06-05 00:18:28,528 [INFO] [DexScreener] Fetching MIND (Mind of Pepe)...
2025-06-05 00:18:28,767 [INFO] [Alert] MIND (Mind of Pepe) Action: 📉 Strong Sell
2025-06-05 00:18:29,616 [INFO] [DexScreener] Fetching WEPE (Wall Street Pepe)...
2025-06-05 00:18:29,829 [INFO] [Alert] WEPE (Wall Street Pepe) Action: 📈 Strong Buy
2025-06-05 00:18:30,736 [INFO] [DexScreener] Fetching MOODENG...
2025-06-05 00:18:30,917 [ERROR] [DexScreener Error] MOODENG: 'NoneType' object is not subscriptable
2025-06-05 00:18:30,917 [INFO] ✅ Cycle complete. Sleeping for 1 hour...

2025-06-05 00:27:42,572 [INFO] 🚀 Starting new hybrid prediction cycle...
2025-06-05 00:27:42,792 [INFO] [Market] BITCOIN - Price: $104561, Volume: 24912485519
2025-06-05 00:27:43,283 [INFO] [Alert] BITCOIN Action: 📉 Strong Sell
2025-06-05 00:27:44,250 [INFO] [Market] ETHEREUM - Price: $2611.15, Volume: 17458620055
2025-06-05 00:27:44,688 [INFO] [Alert] ETHEREUM Action: 📉 Strong Sell
2025-06-05 00:27:45,571 [INFO] [Market] RIPPLE - Price: $2.19, Volume: 1728386929
2025-06-05 00:27:46,014 [INFO] [Alert] RIPPLE Action: 📉 Strong Sell
2025-06-05 00:27:46,953 [INFO] [Market] SOLANA - Price: $152.56, Volume: 3100282152
2025-06-05 00:27:47,437 [INFO] [Alert] SOLANA Action: 📉 Strong Sell
2025-06-05 00:27:48,416 [INFO] [DexScreener] Fetching MIND (Mind of Pepe)...
2025-06-05 00:27:48,643 [INFO] [Alert] MIND (Mind of Pepe) Action: 📉 Strong Sell
2025-06-05 00:27:49,565 [INFO] [DexScreener] Fetching WEPE (Wall Street Pepe)...
2025-06-05 00:27:49,858 [INFO] [Alert] WEPE (Wall Street Pepe) Action: 📈 Strong Buy
2025-06-05 00:27:50,777 [INFO] [DexScreener] Fetching MOODENG...
2025-06-05 00:27:50,961 [ERROR] [DexScreener Error] MOODENG: 'NoneType' object is not subscriptable
2025-06-05 00:27:50,962 [INFO] ✅ Cycle complete. Sleeping for 1 hour...

2025-06-05 00:50:10,136 [INFO] 🚀 Starting new hybrid prediction cycle...
2025-06-05 00:50:10,690 [INFO] [Market] BITCOIN - Price: $104531, Volume: 24792539062
2025-06-05 00:50:13,391 [INFO] [Alert] BITCOIN Action: SELL 🛑 (100.0%)
2025-06-05 00:50:14,895 [INFO] [Market] ETHEREUM - Price: $2608.92, Volume: 17489006332
2025-06-05 00:50:15,341 [INFO] [Alert] ETHEREUM Action: SELL 🛑 (100.0%)
2025-06-05 00:50:16,382 [INFO] [Market] RIPPLE - Price: $2.19, Volume: 1724097201
2025-06-05 00:50:16,874 [INFO] [Alert] RIPPLE Action: SELL 🛑 (100.0%)
2025-06-05 00:50:19,165 [INFO] [Market] SOLANA - Price: $152.66, Volume: 3172056052
2025-06-05 00:50:19,700 [INFO] [Alert] SOLANA Action: SELL 🛑 (100.0%)
2025-06-05 00:50:20,679 [INFO] [DexScreener] Fetching MIND (Mind of Pepe)...
2025-06-05 00:50:20,884 [INFO] [Alert] MIND (Mind of Pepe) Action: SELL 🛑 (99.13%)
2025-06-05 00:50:21,768 [INFO] [DexScreener] Fetching WEPE (Wall Street Pepe)...
2025-06-05 00:50:21,964 [INFO] [Alert] WEPE (Wall Street Pepe) Action: BUY 🚀 (100.0%)
2025-06-05 00:50:23,095 [INFO] [DexScreener] Fetching MOODENG...
2025-06-05 00:50:23,300 [ERROR] [DexScreener Error] MOODENG: 'NoneType' object is not subscriptable
2025-06-05 00:50:23,301 [INFO] ✅ Cycle complete. Sleeping for 1 hour...

2025-06-05 00:50:55,128 [INFO] [Market] BITCOIN - Price: $104531, Volume: 24792539062
2025-06-05 00:50:56,630 [INFO] [Market] ETHEREUM - Price: $2608.92, Volume: 17489006332
2025-06-05 00:50:57,963 [INFO] [Market] RIPPLE - Price: $2.19, Volume: 1724097201
2025-06-05 00:50:59,338 [INFO] [Market] SOLANA - Price: $152.66, Volume: 3172056052
2025-06-05 00:51:00,719 [INFO] [DexScreener] Fetching MIND (Mind of Pepe)...
2025-06-05 00:51:01,910 [INFO] [DexScreener] Fetching WEPE (Wall Street Pepe)...
2025-06-05 00:51:02,989 [INFO] [DexScreener] Fetching MOODENG...
2025-06-05 00:51:03,182 [ERROR] [DexScreener Error] MOODENG: 'NoneType' object is not subscriptable
2025-06-05 01:10:54,853 [INFO] 🚀 Starting new hybrid prediction cycle...
2025-06-05 01:10:55,298 [INFO] [Market] BITCOIN - Price: $104601, Volume: 24884183332
2025-06-05 01:10:57,163 [INFO] [Alert] BITCOIN Action: SELL 🛑 (100.0%)
2025-06-05 01:10:58,754 [INFO] [Market] ETHEREUM - Price: $2606.89, Volume: 17385839043
2025-06-05 01:10:59,267 [INFO] [Alert] ETHEREUM Action: SELL 🛑 (100.0%)
2025-06-05 01:11:00,153 [INFO] [Market] RIPPLE - Price: $2.19, Volume: 1726226903
2025-06-05 01:11:00,655 [INFO] [Alert] RIPPLE Action: SELL 🛑 (100.0%)
2025-06-05 01:11:01,558 [INFO] [Market] SOLANA - Price: $152.73, Volume: 3177345193
2025-06-05 01:11:02,055 [INFO] [Alert] SOLANA Action: SELL 🛑 (100.0%)
2025-06-05 01:11:02,956 [INFO] [DexScreener] Fetching MIND (Mind of Pepe)...
2025-06-05 01:11:03,188 [INFO] [Alert] MIND (Mind of Pepe) Action: SELL 🛑 (99.24%)
2025-06-05 01:11:04,104 [INFO] [DexScreener] Fetching WEPE (Wall Street Pepe)...
2025-06-05 01:11:04,332 [INFO] [Alert] WEPE (Wall Street Pepe) Action: BUY 🚀 (100.0%)
2025-06-05 01:11:05,349 [INFO] [DexScreener] Fetching MOODENG...
2025-06-05 01:11:05,507 [ERROR] [DexScreener Error] MOODENG: 'NoneType' object is not subscriptable
2025-06-05 01:11:05,508 [INFO] ✅ Cycle complete. Sleeping for 1 hour...

2025-06-05 01:18:09,618 [INFO] 🚀 Starting new hybrid prediction cycle...
2025-06-05 01:18:09,901 [INFO] [Market] BITCOIN - Price: $104586, Volume: 24818969824
2025-06-05 01:18:11,978 [INFO] [Alert] BITCOIN Action: SELL 🛑 (100.0%)
2025-06-05 01:18:13,548 [INFO] [Market] ETHEREUM - Price: $2606.35, Volume: 17286611135
2025-06-05 01:18:14,050 [INFO] [Alert] ETHEREUM Action: SELL 🛑 (100.0%)
2025-06-05 01:18:14,922 [INFO] [Market] RIPPLE - Price: $2.19, Volume: 1729877634
2025-06-05 01:18:15,394 [INFO] [Alert] RIPPLE Action: SELL 🛑 (100.0%)
2025-06-05 01:18:16,288 [INFO] [Market] SOLANA - Price: $152.73, Volume: 3177245337
2025-06-05 01:18:16,778 [INFO] [Alert] SOLANA Action: SELL 🛑 (100.0%)
2025-06-05 01:18:17,780 [INFO] [DexScreener] Fetching MIND (Mind of Pepe)...
2025-06-05 01:18:17,994 [INFO] [Alert] MIND (Mind of Pepe) Action: SELL 🛑 (99.16%)
2025-06-05 01:18:18,917 [INFO] [DexScreener] Fetching WEPE (Wall Street Pepe)...
2025-06-05 01:18:19,128 [INFO] [Alert] WEPE (Wall Street Pepe) Action: BUY 🚀 (100.0%)
2025-06-05 01:18:20,389 [INFO] [DexScreener] Fetching MOODENG...
2025-06-05 01:18:20,550 [ERROR] [DexScreener Error] MOODENG: 'NoneType' object is not subscriptable
2025-06-05 01:18:20,551 [INFO] ✅ Cycle complete. Sleeping for 1 hour...

2025-06-05 01:51:03,408 [INFO] [Market] BITCOIN - Price: $104644, Volume: 24799462755
2025-06-05 01:51:05,009 [INFO] [Market] ETHEREUM - Price: $2606.09, Volume: 17393520667
2025-06-05 01:51:06,378 [INFO] [Market] RIPPLE - Price: $2.19, Volume: 1713249082
2025-06-05 01:51:07,829 [INFO] [Market] SOLANA - Price: $152.18, Volume: 3203875404
2025-06-05 01:51:09,283 [INFO] [DexScreener] Fetching MIND (Mind of Pepe)...
2025-06-05 01:51:10,708 [INFO] [DexScreener] Fetching WEPE (Wall Street Pepe)...
2025-06-05 01:51:11,935 [INFO] [DexScreener] Fetching MOODENG...
2025-06-05 01:51:12,117 [ERROR] [DexScreener Error] MOODENG: 'NoneType' object is not subscriptable
2025-06-05 02:18:20,557 [INFO] 🚀 Starting new hybrid prediction cycle...
2025-06-05 02:18:20,890 [INFO] [Market] BITCOIN - Price: $104756, Volume: 24831113708
2025-06-05 02:18:21,724 [INFO] [Alert] BITCOIN Action: SELL 🛑 (100.0%)
2025-06-05 02:18:22,795 [INFO] [Market] ETHEREUM - Price: $2607.91, Volume: 17291286382
2025-06-05 02:18:23,474 [INFO] [Alert] ETHEREUM Action: SELL 🛑 (100.0%)
2025-06-05 02:18:24,421 [INFO] [Market] RIPPLE - Price: $2.2, Volume: 1714887433
2025-06-05 02:18:25,075 [INFO] [Alert] RIPPLE Action: SELL 🛑 (100.0%)
2025-06-05 02:18:26,089 [INFO] [Market] SOLANA - Price: $152.34, Volume: 3217101092
2025-06-05 02:18:26,634 [INFO] [Alert] SOLANA Action: SELL 🛑 (100.0%)
2025-06-05 02:18:27,656 [INFO] [DexScreener] Fetching MIND (Mind of Pepe)...
2025-06-05 02:18:27,880 [INFO] [Alert] MIND (Mind of Pepe) Action: SELL 🛑 (98.59%)
2025-06-05 02:18:28,775 [INFO] [DexScreener] Fetching WEPE (Wall Street Pepe)...
2025-06-05 02:18:28,974 [INFO] [Alert] WEPE (Wall Street Pepe) Action: BUY 🚀 (100.0%)
2025-06-05 02:18:29,954 [INFO] [DexScreener] Fetching MOODENG...
2025-06-05 02:18:30,119 [ERROR] [DexScreener Error] MOODENG: 'NoneType' object is not subscriptable
2025-06-05 02:18:30,119 [INFO] ✅ Cycle complete. Sleeping for 1 hour...

2025-06-05 02:51:12,327 [INFO] [Market] BITCOIN - Price: $104835, Volume: 24559275736
2025-06-05 02:51:14,729 [INFO] [Market] ETHEREUM - Price: $2608.08, Volume: 17437882171
2025-06-05 02:51:16,231 [INFO] [Market] RIPPLE - Price: $2.2, Volume: 1707186374
2025-06-05 02:51:17,747 [INFO] [Market] SOLANA - Price: $152.71, Volume: 3220188419
2025-06-05 02:51:19,291 [INFO] [DexScreener] Fetching MIND (Mind of Pepe)...
2025-06-05 02:51:20,462 [INFO] [DexScreener] Fetching WEPE (Wall Street Pepe)...
2025-06-05 02:51:21,591 [INFO] [DexScreener] Fetching MOODENG...
2025-06-05 02:51:21,973 [ERROR] [DexScreener Error] MOODENG: 'NoneType' object is not subscriptable
2025-06-05 03:18:30,121 [INFO] 🚀 Starting new hybrid prediction cycle...
2025-06-05 03:18:30,314 [INFO] [Market] BITCOIN - Price: $104866, Volume: 23899819016
2025-06-05 03:18:30,936 [INFO] [Alert] BITCOIN Action: SELL 🛑 (100.0%)
2025-06-05 03:18:31,823 [INFO] [Market] ETHEREUM - Price: $2610.66, Volume: 17320159733
2025-06-05 03:18:32,401 [INFO] [Alert] ETHEREUM Action: SELL 🛑 (100.0%)
2025-06-05 03:18:33,320 [INFO] [Market] RIPPLE - Price: $2.21, Volume: 1701061354
2025-06-05 03:18:33,880 [INFO] [Alert] RIPPLE Action: SELL 🛑 (100.0%)
2025-06-05 03:18:34,713 [INFO] [Market] SOLANA - Price: $152.95, Volume: 3188361033
2025-06-05 03:18:35,296 [INFO] [Alert] SOLANA Action: SELL 🛑 (100.0%)
2025-06-05 03:18:36,244 [INFO] [DexScreener] Fetching MIND (Mind of Pepe)...
2025-06-05 03:18:36,464 [INFO] [Alert] MIND (Mind of Pepe) Action: SELL 🛑 (95.15%)
2025-06-05 03:18:37,401 [INFO] [DexScreener] Fetching WEPE (Wall Street Pepe)...
2025-06-05 03:18:37,586 [INFO] [Alert] WEPE (Wall Street Pepe) Action: BUY 🚀 (100.0%)
2025-06-05 03:18:38,533 [INFO] [DexScreener] Fetching MOODENG...
2025-06-05 03:18:38,679 [ERROR] [DexScreener Error] MOODENG: 'NoneType' object is not subscriptable
2025-06-05 03:18:38,680 [INFO] ✅ Cycle complete. Sleeping for 1 hour...

2025-06-05 03:51:22,305 [INFO] [Market] BITCOIN - Price: $104664, Volume: 24247878546
2025-06-05 03:51:24,031 [INFO] [Market] ETHEREUM - Price: $2596.07, Volume: 17391206401
2025-06-05 03:51:25,458 [INFO] [Market] RIPPLE - Price: $2.2, Volume: 1706011415
2025-06-05 03:51:27,027 [INFO] [Market] SOLANA - Price: $152.4, Volume: 3197631251
2025-06-05 03:51:28,449 [INFO] [DexScreener] Fetching MIND (Mind of Pepe)...
2025-06-05 03:51:29,692 [INFO] [DexScreener] Fetching WEPE (Wall Street Pepe)...
2025-06-05 03:51:30,951 [INFO] [DexScreener] Fetching MOODENG...
2025-06-05 03:51:31,141 [ERROR] [DexScreener Error] MOODENG: 'NoneType' object is not subscriptable
2025-06-05 04:18:38,694 [INFO] 🚀 Starting new hybrid prediction cycle...
2025-06-05 04:18:38,914 [INFO] [Market] BITCOIN - Price: $104657, Volume: 23840086113
2025-06-05 04:18:39,488 [INFO] [Alert] BITCOIN Action: SELL 🛑 (100.0%)
2025-06-05 04:18:40,575 [INFO] [Market] ETHEREUM - Price: $2596.16, Volume: 16324079340
2025-06-05 04:18:41,118 [INFO] [Alert] ETHEREUM Action: SELL 🛑 (100.0%)
2025-06-05 04:18:42,117 [INFO] [Market] RIPPLE - Price: $2.2, Volume: 1701688760
2025-06-05 04:18:42,604 [INFO] [Alert] RIPPLE Action: SELL 🛑 (100.0%)
2025-06-05 04:18:43,539 [INFO] [Market] SOLANA - Price: $152.05, Volume: 3206288210
2025-06-05 04:18:44,079 [INFO] [Alert] SOLANA Action: SELL 🛑 (100.0%)
2025-06-05 04:18:44,979 [INFO] [DexScreener] Fetching MIND (Mind of Pepe)...
2025-06-05 04:18:45,258 [INFO] [Alert] MIND (Mind of Pepe) Action: SELL 🛑 (90.69%)
2025-06-05 04:18:46,152 [INFO] [DexScreener] Fetching WEPE (Wall Street Pepe)...
2025-06-05 04:18:46,344 [INFO] [Alert] WEPE (Wall Street Pepe) Action: BUY 🚀 (100.0%)
2025-06-05 04:18:47,307 [INFO] [DexScreener] Fetching MOODENG...
2025-06-05 04:18:47,471 [ERROR] [DexScreener Error] MOODENG: 'NoneType' object is not subscriptable
2025-06-05 04:18:47,471 [INFO] ✅ Cycle complete. Sleeping for 1 hour...

2025-06-05 04:51:31,355 [INFO] [Market] BITCOIN - Price: $104840, Volume: 22321248129
2025-06-05 04:51:32,810 [INFO] [Market] ETHEREUM - Price: $2605.69, Volume: 16198708583
2025-06-05 04:51:34,511 [INFO] [Market] RIPPLE - Price: $2.2, Volume: 1680468664
2025-06-05 04:51:35,878 [INFO] [Market] SOLANA - Price: $152.11, Volume: 3205776247
2025-06-05 04:51:37,300 [INFO] [DexScreener] Fetching MIND (Mind of Pepe)...
2025-06-05 04:51:38,590 [INFO] [DexScreener] Fetching WEPE (Wall Street Pepe)...
2025-06-05 04:51:39,783 [INFO] [DexScreener] Fetching MOODENG...
2025-06-05 04:51:39,991 [ERROR] [DexScreener Error] MOODENG: 'NoneType' object is not subscriptable
2025-06-05 05:18:47,484 [INFO] 🚀 Starting new hybrid prediction cycle...
2025-06-05 05:18:47,705 [INFO] [Market] BITCOIN - Price: $104982, Volume: 22043224626
2025-06-05 05:18:48,238 [INFO] [Alert] BITCOIN Action: SELL 🛑 (100.0%)
2025-06-05 05:18:49,245 [INFO] [Market] ETHEREUM - Price: $2613.64, Volume: 16281250528
2025-06-05 05:18:49,725 [INFO] [Alert] ETHEREUM Action: SELL 🛑 (100.0%)
2025-06-05 05:18:50,582 [INFO] [Market] RIPPLE - Price: $2.21, Volume: 1693159266
2025-06-05 05:18:51,065 [INFO] [Alert] RIPPLE Action: SELL 🛑 (100.0%)
2025-06-05 05:18:51,951 [INFO] [Market] SOLANA - Price: $152.64, Volume: 3203264846
2025-06-05 05:18:52,424 [INFO] [Alert] SOLANA Action: SELL 🛑 (100.0%)
2025-06-05 05:18:53,268 [INFO] [DexScreener] Fetching MIND (Mind of Pepe)...
2025-06-05 05:18:53,493 [INFO] [Alert] MIND (Mind of Pepe) Action: SELL 🛑 (86.84%)
2025-06-05 05:18:54,502 [INFO] [DexScreener] Fetching WEPE (Wall Street Pepe)...
2025-06-05 05:18:54,686 [INFO] [Alert] WEPE (Wall Street Pepe) Action: BUY 🚀 (100.0%)
2025-06-05 05:18:55,575 [INFO] [DexScreener] Fetching MOODENG...
2025-06-05 05:18:55,738 [ERROR] [DexScreener Error] MOODENG: 'NoneType' object is not subscriptable
2025-06-05 05:18:55,739 [INFO] ✅ Cycle complete. Sleeping for 1 hour...

2025-06-05 05:51:40,228 [INFO] [Market] BITCOIN - Price: $105484, Volume: 19418434572
2025-06-05 05:51:41,726 [INFO] [Market] ETHEREUM - Price: $2628.01, Volume: 16790268014
2025-06-05 05:51:43,050 [INFO] [Market] RIPPLE - Price: $2.22, Volume: 1697374646
2025-06-05 05:51:44,478 [INFO] [Market] SOLANA - Price: $153.64, Volume: 2725261483
2025-06-05 05:51:45,830 [INFO] [DexScreener] Fetching MIND (Mind of Pepe)...
2025-06-05 05:51:46,932 [INFO] [DexScreener] Fetching WEPE (Wall Street Pepe)...
2025-06-05 05:51:48,069 [INFO] [DexScreener] Fetching MOODENG...
2025-06-05 05:51:48,257 [ERROR] [DexScreener Error] MOODENG: 'NoneType' object is not subscriptable
2025-06-05 06:18:55,753 [INFO] 🚀 Starting new hybrid prediction cycle...
2025-06-05 06:18:55,968 [INFO] [Market] BITCOIN - Price: $105880, Volume: 22368804096
2025-06-05 06:18:56,532 [INFO] [Alert] BITCOIN Action: SELL 🛑 (100.0%)
2025-06-05 06:18:57,550 [INFO] [Market] ETHEREUM - Price: $2631.48, Volume: 17198393285
2025-06-05 06:18:58,360 [INFO] [Alert] ETHEREUM Action: SELL 🛑 (100.0%)
2025-06-05 06:18:59,298 [INFO] [Market] RIPPLE - Price: $2.22, Volume: 1709035762
2025-06-05 06:19:00,377 [INFO] [Alert] RIPPLE Action: SELL 🛑 (100.0%)
2025-06-05 06:19:01,664 [INFO] [Market] SOLANA - Price: $153.99, Volume: 2754287791
2025-06-05 06:19:02,613 [INFO] [Alert] SOLANA Action: SELL 🛑 (100.0%)
2025-06-05 06:19:03,662 [INFO] [DexScreener] Fetching MIND (Mind of Pepe)...
2025-06-05 06:19:04,004 [INFO] [Alert] MIND (Mind of Pepe) Action: SELL 🛑 (59.93%)
2025-06-05 06:19:05,155 [INFO] [DexScreener] Fetching WEPE (Wall Street Pepe)...
2025-06-05 06:19:05,380 [INFO] [Alert] WEPE (Wall Street Pepe) Action: BUY 🚀 (100.0%)
2025-06-05 06:19:06,530 [INFO] [DexScreener] Fetching MOODENG...
2025-06-05 06:19:06,736 [ERROR] [DexScreener Error] MOODENG: 'NoneType' object is not subscriptable
2025-06-05 06:19:06,737 [INFO] ✅ Cycle complete. Sleeping for 1 hour...

2025-06-05 06:32:30,297 [INFO] 🚀 Starting new hybrid prediction cycle...
2025-06-05 06:32:30,599 [INFO] [Market] BITCOIN - Price: $105786, Volume: 22700531917
2025-06-05 06:32:38,932 [INFO] [Alert] BITCOIN Action: SELL 🛑 (100.0%)
2025-06-05 06:32:40,071 [INFO] [Market] ETHEREUM - Price: $2628.68, Volume: 17560632327
2025-06-05 06:32:40,603 [INFO] [Alert] ETHEREUM Action: SELL 🛑 (100.0%)
2025-06-05 06:32:41,710 [INFO] [Market] RIPPLE - Price: $2.22, Volume: 1708306359
2025-06-05 06:32:42,266 [INFO] [Alert] RIPPLE Action: SELL 🛑 (100.0%)
2025-06-05 06:32:43,165 [INFO] [Market] SOLANA - Price: $154.29, Volume: 3295966207
2025-06-05 06:32:43,680 [INFO] [Alert] SOLANA Action: SELL 🛑 (100.0%)
2025-06-05 06:32:44,591 [INFO] [DexScreener] Fetching MIND (Mind of Pepe)...
2025-06-05 06:32:44,847 [INFO] [Alert] MIND (Mind of Pepe) Action: SELL 🛑 (55.72%)
2025-06-05 06:32:45,871 [INFO] [DexScreener] Fetching WEPE (Wall Street Pepe)...
2025-06-05 06:32:46,072 [INFO] [Alert] WEPE (Wall Street Pepe) Action: BUY 🚀 (100.0%)
2025-06-05 06:32:47,155 [INFO] [DexScreener] Fetching MOODENG...
2025-06-05 06:32:47,376 [ERROR] [DexScreener Error] MOODENG: 'NoneType' object is not subscriptable
2025-06-05 06:32:47,377 [INFO] ✅ Cycle complete. Sleeping for 1 hour...

2025-06-05 06:43:52,181 [INFO] 🚀 Starting new hybrid prediction cycle...
2025-06-05 06:43:52,557 [INFO] [Market] BITCOIN - Price: $105639, Volume: 22982131671
2025-06-05 06:43:54,456 [INFO] [Alert] BITCOIN Action: SELL 🛑 (100.0%)
2025-06-05 06:43:56,002 [INFO] [Market] ETHEREUM - Price: $2624.51, Volume: 17628511502
2025-06-05 06:43:56,550 [INFO] [Alert] ETHEREUM Action: SELL 🛑 (100.0%)
2025-06-05 06:43:57,582 [INFO] [Market] RIPPLE - Price: $2.22, Volume: 1710129400
2025-06-05 06:43:58,139 [INFO] [Alert] RIPPLE Action: SELL 🛑 (100.0%)
2025-06-05 06:43:59,015 [INFO] [Market] SOLANA - Price: $153.83, Volume: 3310043131
2025-06-05 06:43:59,486 [INFO] [Alert] SOLANA Action: SELL 🛑 (100.0%)
2025-06-05 06:44:00,492 [INFO] [DexScreener] Fetching MIND (Mind of Pepe)...
2025-06-05 06:44:00,726 [INFO] [Alert] MIND (Mind of Pepe) Action: SELL 🛑 (54.47%)
2025-06-05 06:44:01,903 [INFO] [DexScreener] Fetching WEPE (Wall Street Pepe)...
2025-06-05 06:44:02,101 [INFO] [Alert] WEPE (Wall Street Pepe) Action: BUY 🚀 (100.0%)
2025-06-05 06:44:03,190 [INFO] [DexScreener] Fetching MOODENG...
2025-06-05 06:44:03,352 [ERROR] [DexScreener Error] MOODENG: 'NoneType' object is not subscriptable
2025-06-05 06:44:03,352 [INFO] ✅ Cycle complete. Sleeping for 1 hour...

2025-06-05 06:44:22,093 [INFO] 🚀 Starting new hybrid prediction cycle...
2025-06-05 06:44:22,866 [INFO] [Market] BITCOIN - Price: $105639, Volume: 22982131671
2025-06-05 06:44:25,315 [INFO] [Alert] BITCOIN Action: SELL 🛑 (100.0%)
2025-06-05 06:44:26,396 [INFO] [Market] ETHEREUM - Price: $2624.51, Volume: 17628511502
2025-06-05 06:44:27,068 [INFO] [Alert] ETHEREUM Action: SELL 🛑 (100.0%)
2025-06-05 06:44:27,904 [INFO] [Market] RIPPLE - Price: $2.22, Volume: 1710129400
2025-06-05 06:44:28,506 [INFO] [Alert] RIPPLE Action: SELL 🛑 (100.0%)
2025-06-05 06:44:29,427 [INFO] [Market] SOLANA - Price: $153.83, Volume: 3310043131
2025-06-05 06:44:29,971 [INFO] [Alert] SOLANA Action: SELL 🛑 (100.0%)
2025-06-05 06:44:31,192 [INFO] [DexScreener] Fetching MIND (Mind of Pepe)...
2025-06-05 06:44:31,390 [INFO] [Alert] MIND (Mind of Pepe) Action: SELL 🛑 (54.39%)
2025-06-05 06:44:32,357 [INFO] [DexScreener] Fetching WEPE (Wall Street Pepe)...
2025-06-05 06:44:32,550 [INFO] [Alert] WEPE (Wall Street Pepe) Action: BUY 🚀 (100.0%)
2025-06-05 06:44:33,496 [INFO] [DexScreener] Fetching MOODENG...
2025-06-05 06:44:33,636 [ERROR] [DexScreener Error] MOODENG: 'NoneType' object is not subscriptable
2025-06-05 06:44:33,636 [INFO] ✅ Cycle complete. Sleeping for 1 hour...

2025-06-05 06:45:35,069 [INFO] 🚀 Starting new hybrid prediction cycle...
2025-06-05 06:45:35,575 [INFO] [Market] BITCOIN - Price: $105610, Volume: 23002058272
2025-06-05 06:45:37,809 [INFO] [Alert] BITCOIN Action: SELL 🛑 (100.0%)
2025-06-05 06:45:39,313 [INFO] [Market] ETHEREUM - Price: $2623.65, Volume: 17638071863
2025-06-05 06:45:39,807 [INFO] [Alert] ETHEREUM Action: SELL 🛑 (100.0%)
2025-06-05 06:45:40,733 [INFO] [Market] RIPPLE - Price: $2.22, Volume: 1709116352
2025-06-05 06:45:41,350 [INFO] [Alert] RIPPLE Action: SELL 🛑 (100.0%)
2025-06-05 06:45:42,231 [INFO] [Market] SOLANA - Price: $153.77, Volume: 3309728749
2025-06-05 06:45:42,780 [INFO] [Alert] SOLANA Action: SELL 🛑 (100.0%)
2025-06-05 06:45:43,677 [INFO] [DexScreener] Fetching MIND (Mind of Pepe)...
2025-06-05 06:45:43,873 [INFO] [Alert] MIND (Mind of Pepe) Action: SELL 🛑 (54.21%)
2025-06-05 06:45:44,800 [INFO] [DexScreener] Fetching WEPE (Wall Street Pepe)...
2025-06-05 06:45:45,007 [INFO] [Alert] WEPE (Wall Street Pepe) Action: BUY 🚀 (100.0%)
2025-06-05 06:45:45,905 [INFO] [DexScreener] Fetching MOODENG...
2025-06-05 06:45:46,062 [ERROR] [DexScreener Error] MOODENG: 'NoneType' object is not subscriptable
2025-06-05 06:45:46,063 [INFO] ✅ Cycle complete. Sleeping for 1 hour...

2025-06-05 06:46:10,451 [INFO] 🚀 Starting new hybrid prediction cycle...
2025-06-05 06:46:10,607 [INFO] [Market] BITCOIN - Price: $105610, Volume: 23002058272
2025-06-05 06:46:12,586 [INFO] [Alert] BITCOIN Action: SELL 🛑 (100.0%)
2025-06-05 06:46:13,628 [INFO] [Market] ETHEREUM - Price: $2623.65, Volume: 17638071863
2025-06-05 06:46:14,084 [INFO] [Alert] ETHEREUM Action: SELL 🛑 (100.0%)
2025-06-05 06:46:15,063 [INFO] [Market] RIPPLE - Price: $2.22, Volume: 1709116352
2025-06-05 06:46:15,560 [INFO] [Alert] RIPPLE Action: SELL 🛑 (100.0%)
2025-06-05 06:46:16,499 [INFO] [Market] SOLANA - Price: $153.77, Volume: 3309728749
2025-06-05 06:46:16,968 [INFO] [Alert] SOLANA Action: SELL 🛑 (100.0%)
2025-06-05 06:46:17,825 [INFO] [DexScreener] Fetching MIND (Mind of Pepe)...
2025-06-05 06:46:18,047 [INFO] [Alert] MIND (Mind of Pepe) Action: SELL 🛑 (54.07%)
2025-06-05 06:46:19,101 [INFO] [DexScreener] Fetching WEPE (Wall Street Pepe)...
2025-06-05 06:46:19,640 [INFO] [Alert] WEPE (Wall Street Pepe) Action: BUY 🚀 (100.0%)
2025-06-05 06:46:20,563 [INFO] [DexScreener] Fetching MOODENG...
2025-06-05 06:46:20,743 [ERROR] [DexScreener Error] MOODENG: 'NoneType' object is not subscriptable
2025-06-05 06:46:20,744 [INFO] ✅ Cycle complete. Sleeping for 1 hour...

2025-06-05 06:47:26,045 [INFO] 🚀 Starting new hybrid prediction cycle...
2025-06-05 06:47:26,746 [INFO] [Market] BITCOIN - Price: $105493, Volume: 23059411191
2025-06-05 06:47:28,960 [INFO] [Alert] BITCOIN Action: SELL 🛑 (100.0%)
2025-06-05 06:47:30,677 [INFO] [Market] ETHEREUM - Price: $2622.67, Volume: 17647392362
2025-06-05 06:47:31,477 [INFO] [Alert] ETHEREUM Action: SELL 🛑 (100.0%)
2025-06-05 06:47:32,376 [INFO] [Market] RIPPLE - Price: $2.22, Volume: 1708871766
2025-06-05 06:47:33,247 [INFO] [Alert] RIPPLE Action: SELL 🛑 (100.0%)
2025-06-05 06:47:34,092 [INFO] [Market] SOLANA - Price: $153.66, Volume: 3313582198
2025-06-05 06:47:34,598 [INFO] [Alert] SOLANA Action: SELL 🛑 (100.0%)
2025-06-05 06:47:35,464 [INFO] [DexScreener] Fetching MIND (Mind of Pepe)...
2025-06-05 06:47:35,674 [INFO] [Alert] MIND (Mind of Pepe) Action: SELL 🛑 (54.19%)
2025-06-05 06:47:36,700 [INFO] [DexScreener] Fetching WEPE (Wall Street Pepe)...
2025-06-05 06:47:36,887 [INFO] [Alert] WEPE (Wall Street Pepe) Action: BUY 🚀 (100.0%)
2025-06-05 06:47:37,801 [INFO] [DexScreener] Fetching MOODENG...
2025-06-05 06:47:37,978 [ERROR] [DexScreener Error] MOODENG: 'NoneType' object is not subscriptable
2025-06-05 06:47:37,979 [INFO] ✅ Cycle complete. Sleeping for 1 hour...

2025-06-05 06:51:48,527 [INFO] [Market] BITCOIN - Price: $105264, Volume: 23158005681
2025-06-05 06:51:49,983 [INFO] [Market] ETHEREUM - Price: $2616.12, Volume: 17740145749
2025-06-05 06:51:51,403 [INFO] [Market] RIPPLE - Price: $2.22, Volume: 1711387908
2025-06-05 06:51:52,809 [INFO] [Market] SOLANA - Price: $153.46, Volume: 3359718247
2025-06-05 06:51:54,177 [INFO] [DexScreener] Fetching MIND (Mind of Pepe)...
2025-06-05 06:51:55,423 [INFO] [DexScreener] Fetching WEPE (Wall Street Pepe)...
2025-06-05 06:51:56,519 [INFO] [DexScreener] Fetching MOODENG...
2025-06-05 06:51:56,734 [ERROR] [DexScreener Error] MOODENG: 'NoneType' object is not subscriptable
2025-06-05 06:52:06,534 [INFO] 🚀 Starting new hybrid prediction cycle...
2025-06-05 06:52:06,958 [INFO] [Market] BITCOIN - Price: $105264, Volume: 23158005681
2025-06-05 06:52:08,916 [INFO] [Alert] BITCOIN Action: SELL 🛑 (100.0%)
2025-06-05 06:52:10,276 [INFO] [Market] ETHEREUM - Price: $2616.12, Volume: 17740145749
2025-06-05 06:52:10,920 [INFO] [Alert] ETHEREUM Action: SELL 🛑 (100.0%)
2025-06-05 06:52:11,945 [INFO] [Market] RIPPLE - Price: $2.22, Volume: 1711387908
2025-06-05 06:52:12,484 [INFO] [Alert] RIPPLE Action: SELL 🛑 (100.0%)
2025-06-05 06:52:13,386 [INFO] [Market] SOLANA - Price: $153.46, Volume: 3359718247
2025-06-05 06:52:13,900 [INFO] [Alert] SOLANA Action: SELL 🛑 (100.0%)
2025-06-05 06:52:14,833 [INFO] [DexScreener] Fetching MIND (Mind of Pepe)...
2025-06-05 06:52:14,947 [INFO] [Alert] MIND (Mind of Pepe) Action: SELL 🛑 (53.44%)
2025-06-05 06:52:15,907 [INFO] [DexScreener] Fetching WEPE (Wall Street Pepe)...
2025-06-05 06:52:15,977 [INFO] [Alert] WEPE (Wall Street Pepe) Action: BUY 🚀 (100.0%)
2025-06-05 06:52:16,870 [INFO] [DexScreener] Fetching MOODENG...
2025-06-05 06:52:17,055 [ERROR] [DexScreener Error] MOODENG: 'NoneType' object is not subscriptable
2025-06-05 06:52:17,055 [INFO] ✅ Cycle complete. Sleeping for 1 hour...

2025-06-05 07:51:56,966 [INFO] [Market] BITCOIN - Price: $104535, Volume: 21663307694
2025-06-05 07:51:58,593 [INFO] [Market] ETHEREUM - Price: $2593.38, Volume: 18602902940
2025-06-05 07:51:59,915 [INFO] [Market] RIPPLE - Price: $2.2, Volume: 1669890669
2025-06-05 07:52:01,305 [INFO] [Market] SOLANA - Price: $150.86, Volume: 3597282382
2025-06-05 07:52:02,698 [INFO] [DexScreener] Fetching MIND (Mind of Pepe)...
2025-06-05 07:52:03,930 [INFO] [DexScreener] Fetching WEPE (Wall Street Pepe)...
2025-06-05 07:52:05,023 [INFO] [DexScreener] Fetching MOODENG...
2025-06-05 07:52:05,220 [ERROR] [DexScreener Error] MOODENG: 'NoneType' object is not subscriptable
2025-06-05 07:52:17,068 [INFO] 🚀 Starting new hybrid prediction cycle...
2025-06-05 07:52:17,151 [INFO] [Market] BITCOIN - Price: $104535, Volume: 21663307694
2025-06-05 07:52:17,680 [INFO] [Alert] BITCOIN Action: SELL 🛑 (100.0%)
2025-06-05 07:52:18,630 [INFO] [Market] ETHEREUM - Price: $2593.38, Volume: 18602902940
2025-06-05 07:52:19,119 [INFO] [Alert] ETHEREUM Action: SELL 🛑 (100.0%)
2025-06-05 07:52:20,087 [INFO] [Market] RIPPLE - Price: $2.2, Volume: 1669890669
2025-06-05 07:52:20,626 [INFO] [Alert] RIPPLE Action: SELL 🛑 (100.0%)
2025-06-05 07:52:21,517 [INFO] [Market] SOLANA - Price: $150.86, Volume: 3597282382
2025-06-05 07:52:22,023 [INFO] [Alert] SOLANA Action: SELL 🛑 (100.0%)
2025-06-05 07:52:23,123 [INFO] [DexScreener] Fetching MIND (Mind of Pepe)...
2025-06-05 07:52:23,200 [INFO] [Alert] MIND (Mind of Pepe) Action: SELL 🛑 (50.27%)
2025-06-05 07:52:24,208 [INFO] [DexScreener] Fetching WEPE (Wall Street Pepe)...
2025-06-05 07:52:24,291 [INFO] [Alert] WEPE (Wall Street Pepe) Action: BUY 🚀 (100.0%)
2025-06-05 07:52:25,194 [INFO] [DexScreener] Fetching MOODENG...
2025-06-05 07:52:25,375 [ERROR] [DexScreener Error] MOODENG: 'NoneType' object is not subscriptable
2025-06-05 07:52:25,376 [INFO] ✅ Cycle complete. Sleeping for 1 hour...

2025-06-05 08:52:05,493 [INFO] [Market] BITCOIN - Price: $104723, Volume: 23707635778
2025-06-05 08:52:07,135 [INFO] [Market] ETHEREUM - Price: $2596.37, Volume: 17755772270
2025-06-05 08:52:08,664 [INFO] [Market] RIPPLE - Price: $2.2, Volume: 1726112453
2025-06-05 08:52:10,153 [INFO] [Market] SOLANA - Price: $151.09, Volume: 3184554107
2025-06-05 08:52:11,587 [INFO] [DexScreener] Fetching MIND (Mind of Pepe)...
2025-06-05 08:52:12,656 [INFO] [DexScreener] Fetching WEPE (Wall Street Pepe)...
2025-06-05 08:52:13,841 [INFO] [DexScreener] Fetching MOODENG...
2025-06-05 08:52:14,110 [ERROR] [DexScreener Error] MOODENG: 'NoneType' object is not subscriptable
2025-06-05 08:52:25,379 [INFO] 🚀 Starting new hybrid prediction cycle...
2025-06-05 08:52:25,641 [INFO] [Market] BITCOIN - Price: $104723, Volume: 23707635778
2025-06-05 08:52:26,230 [INFO] [Alert] BITCOIN Action: SELL 🛑 (100.0%)
2025-06-05 08:52:27,602 [INFO] [Market] ETHEREUM - Price: $2596.37, Volume: 17755772270
2025-06-05 08:52:28,163 [INFO] [Alert] ETHEREUM Action: SELL 🛑 (100.0%)
2025-06-05 08:52:29,322 [INFO] [Market] RIPPLE - Price: $2.2, Volume: 1726112453
2025-06-05 08:52:29,770 [INFO] [Alert] RIPPLE Action: SELL 🛑 (100.0%)
2025-06-05 08:52:30,669 [INFO] [Market] SOLANA - Price: $151.09, Volume: 3184554107
2025-06-05 08:52:31,217 [INFO] [Alert] SOLANA Action: SELL 🛑 (100.0%)
2025-06-05 08:52:32,044 [INFO] [DexScreener] Fetching MIND (Mind of Pepe)...
2025-06-05 08:52:32,143 [INFO] [Alert] MIND (Mind of Pepe) Action: BUY 🚀 (59.78%)
2025-06-05 08:52:33,217 [INFO] [DexScreener] Fetching WEPE (Wall Street Pepe)...
2025-06-05 08:52:33,304 [INFO] [Alert] WEPE (Wall Street Pepe) Action: BUY 🚀 (100.0%)
2025-06-05 08:52:34,371 [INFO] [DexScreener] Fetching MOODENG...
2025-06-05 08:52:34,566 [ERROR] [DexScreener Error] MOODENG: 'NoneType' object is not subscriptable
2025-06-05 08:52:34,569 [INFO] ✅ Cycle complete. Sleeping for 1 hour...

2025-06-05 09:52:14,359 [INFO] [Market] BITCOIN - Price: $103963, Volume: 24476106165
2025-06-05 09:52:15,929 [INFO] [Market] ETHEREUM - Price: $2565.85, Volume: 17690316075
2025-06-05 09:52:17,228 [INFO] [Market] RIPPLE - Price: $2.18, Volume: 1756318489
2025-06-05 09:52:18,747 [INFO] [Market] SOLANA - Price: $149.36, Volume: 3706020743
2025-06-05 09:52:20,350 [INFO] [DexScreener] Fetching MIND (Mind of Pepe)...
2025-06-05 09:52:21,640 [INFO] [DexScreener] Fetching WEPE (Wall Street Pepe)...
2025-06-05 09:52:22,845 [INFO] [DexScreener] Fetching MOODENG...
2025-06-05 09:52:23,051 [ERROR] [DexScreener Error] MOODENG: 'NoneType' object is not subscriptable
2025-06-05 09:52:34,583 [INFO] 🚀 Starting new hybrid prediction cycle...
2025-06-05 09:52:34,740 [INFO] [Market] BITCOIN - Price: $103963, Volume: 24476106165
2025-06-05 09:52:35,306 [INFO] [Alert] BITCOIN Action: SELL 🛑 (100.0%)
2025-06-05 09:52:36,158 [INFO] [Market] ETHEREUM - Price: $2565.85, Volume: 17690316075
2025-06-05 09:52:36,688 [INFO] [Alert] ETHEREUM Action: SELL 🛑 (100.0%)
2025-06-05 09:52:37,657 [INFO] [Market] RIPPLE - Price: $2.18, Volume: 1756318489
2025-06-05 09:52:38,200 [INFO] [Alert] RIPPLE Action: SELL 🛑 (100.0%)
2025-06-05 09:52:39,079 [INFO] [Market] SOLANA - Price: $149.36, Volume: 3706020743
2025-06-05 09:52:39,938 [INFO] [Alert] SOLANA Action: SELL 🛑 (100.0%)
2025-06-05 09:52:40,849 [INFO] [DexScreener] Fetching MIND (Mind of Pepe)...
2025-06-05 09:52:40,944 [INFO] [Alert] MIND (Mind of Pepe) Action: SELL 🛑 (61.68%)
2025-06-05 09:52:41,931 [INFO] [DexScreener] Fetching WEPE (Wall Street Pepe)...
2025-06-05 09:52:42,013 [INFO] [Alert] WEPE (Wall Street Pepe) Action: BUY 🚀 (100.0%)
2025-06-05 09:52:42,980 [INFO] [DexScreener] Fetching MOODENG...
2025-06-05 09:52:43,139 [ERROR] [DexScreener Error] MOODENG: 'NoneType' object is not subscriptable
2025-06-05 09:52:43,141 [INFO] ✅ Cycle complete. Sleeping for 1 hour...

2025-06-05 10:52:23,261 [INFO] [Market] BITCOIN - Price: $103415, Volume: 26097220352
2025-06-05 10:52:24,823 [INFO] [Market] ETHEREUM - Price: $2569.43, Volume: 18052570583
2025-06-05 10:52:26,295 [INFO] [Market] RIPPLE - Price: $2.17, Volume: 1620020870
2025-06-05 10:52:27,878 [INFO] [Market] SOLANA - Price: $149.41, Volume: 3815892259
2025-06-05 10:52:29,335 [INFO] [DexScreener] Fetching MIND (Mind of Pepe)...
2025-06-05 10:52:30,600 [INFO] [DexScreener] Fetching WEPE (Wall Street Pepe)...
2025-06-05 10:52:31,827 [INFO] [DexScreener] Fetching MOODENG...
2025-06-05 10:52:32,029 [ERROR] [DexScreener Error] MOODENG: 'NoneType' object is not subscriptable
2025-06-05 10:52:43,150 [INFO] 🚀 Starting new hybrid prediction cycle...
2025-06-05 10:52:43,304 [INFO] [Market] BITCOIN - Price: $103415, Volume: 26097220352
2025-06-05 10:52:43,897 [INFO] [Alert] BITCOIN Action: SELL 🛑 (100.0%)
2025-06-05 10:52:45,068 [INFO] [Market] ETHEREUM - Price: $2569.43, Volume: 18052570583
2025-06-05 10:52:45,618 [INFO] [Alert] ETHEREUM Action: SELL 🛑 (100.0%)
2025-06-05 10:52:46,558 [INFO] [Market] RIPPLE - Price: $2.17, Volume: 1620020870
2025-06-05 10:52:47,083 [INFO] [Alert] RIPPLE Action: SELL 🛑 (100.0%)
2025-06-05 10:52:47,952 [INFO] [Market] SOLANA - Price: $149.41, Volume: 3815892259
2025-06-05 10:52:48,469 [INFO] [Alert] SOLANA Action: SELL 🛑 (100.0%)
2025-06-05 10:52:49,557 [INFO] [DexScreener] Fetching MIND (Mind of Pepe)...
2025-06-05 10:52:49,641 [INFO] [Alert] MIND (Mind of Pepe) Action: SELL 🛑 (62.05%)
2025-06-05 10:52:50,704 [INFO] [DexScreener] Fetching WEPE (Wall Street Pepe)...
2025-06-05 10:52:50,794 [INFO] [Alert] WEPE (Wall Street Pepe) Action: BUY 🚀 (100.0%)
2025-06-05 10:52:51,701 [INFO] [DexScreener] Fetching MOODENG...
2025-06-05 10:52:51,877 [ERROR] [DexScreener Error] MOODENG: 'NoneType' object is not subscriptable
2025-06-05 10:52:51,878 [INFO] ✅ Cycle complete. Sleeping for 1 hour...

2025-06-05 11:52:32,232 [INFO] [Market] BITCOIN - Price: $103029, Volume: 27840251325
2025-06-05 11:52:33,761 [INFO] [Market] ETHEREUM - Price: $2577.85, Volume: 18344716617
2025-06-05 11:52:35,196 [INFO] [Market] RIPPLE - Price: $2.16, Volume: 1861251790
2025-06-05 11:52:36,606 [INFO] [Market] SOLANA - Price: $149.72, Volume: 3904649295
2025-06-05 11:52:38,208 [INFO] [DexScreener] Fetching MIND (Mind of Pepe)...
2025-06-05 11:52:39,475 [INFO] [DexScreener] Fetching WEPE (Wall Street Pepe)...
2025-06-05 11:52:40,582 [INFO] [DexScreener] Fetching MOODENG...
2025-06-05 11:52:40,788 [ERROR] [DexScreener Error] MOODENG: 'NoneType' object is not subscriptable
2025-06-05 11:52:51,888 [INFO] 🚀 Starting new hybrid prediction cycle...
2025-06-05 11:52:52,034 [INFO] [Market] BITCOIN - Price: $103029, Volume: 27840251325
2025-06-05 11:52:52,593 [INFO] [Alert] BITCOIN Action: SELL 🛑 (100.0%)
2025-06-05 11:52:53,560 [INFO] [Market] ETHEREUM - Price: $2577.85, Volume: 18344716617
2025-06-05 11:52:54,072 [INFO] [Alert] ETHEREUM Action: SELL 🛑 (100.0%)
2025-06-05 11:52:55,003 [INFO] [Market] RIPPLE - Price: $2.16, Volume: 1861251790
2025-06-05 11:52:55,539 [INFO] [Alert] RIPPLE Action: SELL 🛑 (100.0%)
2025-06-05 11:52:56,476 [INFO] [Market] SOLANA - Price: $149.72, Volume: 3904649295
2025-06-05 11:52:57,086 [INFO] [Alert] SOLANA Action: SELL 🛑 (100.0%)
2025-06-05 11:52:58,047 [INFO] [DexScreener] Fetching MIND (Mind of Pepe)...
2025-06-05 11:52:58,158 [INFO] [Alert] MIND (Mind of Pepe) Action: SELL 🛑 (53.76%)
2025-06-05 11:52:59,186 [INFO] [DexScreener] Fetching WEPE (Wall Street Pepe)...
2025-06-05 11:52:59,273 [INFO] [Alert] WEPE (Wall Street Pepe) Action: BUY 🚀 (100.0%)
2025-06-05 11:53:00,318 [INFO] [DexScreener] Fetching MOODENG...
2025-06-05 11:53:00,555 [ERROR] [DexScreener Error] MOODENG: 'NoneType' object is not subscriptable
2025-06-05 11:53:00,558 [INFO] ✅ Cycle complete. Sleeping for 1 hour...

2025-06-05 12:52:41,011 [INFO] [Market] BITCOIN - Price: $102304, Volume: 30568393602
2025-06-05 12:52:42,654 [INFO] [Market] ETHEREUM - Price: $2544.86, Volume: 19465710666
2025-06-05 12:52:44,048 [INFO] [Market] RIPPLE - Price: $2.14, Volume: 2060179738
2025-06-05 12:52:45,569 [INFO] [Market] SOLANA - Price: $146.95, Volume: 4367256510
2025-06-05 12:52:47,693 [INFO] [DexScreener] Fetching MIND (Mind of Pepe)...
2025-06-05 12:52:48,809 [INFO] [DexScreener] Fetching WEPE (Wall Street Pepe)...
2025-06-05 12:52:49,862 [INFO] [DexScreener] Fetching MOODENG...
2025-06-05 12:52:50,051 [ERROR] [DexScreener Error] MOODENG: 'NoneType' object is not subscriptable
2025-06-05 12:53:00,559 [INFO] 🚀 Starting new hybrid prediction cycle...
2025-06-05 12:53:00,705 [INFO] [Market] BITCOIN - Price: $102304, Volume: 30568393602
2025-06-05 12:53:01,299 [INFO] [Alert] BITCOIN Action: SELL 🛑 (99.94%)
2025-06-05 12:53:02,236 [INFO] [Market] ETHEREUM - Price: $2544.86, Volume: 19465710666
2025-06-05 12:53:02,774 [INFO] [Alert] ETHEREUM Action: SELL 🛑 (99.1%)
2025-06-05 12:53:03,834 [INFO] [Market] RIPPLE - Price: $2.14, Volume: 2060179738
2025-06-05 12:53:04,510 [INFO] [Alert] RIPPLE Action: SELL 🛑 (62.2%)
2025-06-05 12:53:05,403 [INFO] [Market] SOLANA - Price: $146.95, Volume: 4367256510
2025-06-05 12:53:05,952 [INFO] [Alert] SOLANA Action: SELL 🛑 (74.18%)
2025-06-05 12:53:06,968 [INFO] [DexScreener] Fetching MIND (Mind of Pepe)...
2025-06-05 12:53:07,043 [INFO] [Alert] MIND (Mind of Pepe) Action: SELL 🛑 (50.01%)
2025-06-05 12:53:08,008 [INFO] [DexScreener] Fetching WEPE (Wall Street Pepe)...
2025-06-05 12:53:08,102 [INFO] [Alert] WEPE (Wall Street Pepe) Action: SELL 🛑 (50.0%)
2025-06-05 12:53:09,061 [INFO] [DexScreener] Fetching MOODENG...
2025-06-05 12:53:09,233 [ERROR] [DexScreener Error] MOODENG: 'NoneType' object is not subscriptable
2025-06-05 12:53:09,234 [INFO] ✅ Cycle complete. Sleeping for 1 hour...

2025-06-05 13:52:50,257 [INFO] [Market] BITCOIN - Price: $101218, Volume: 33878516503
2025-06-05 13:52:51,859 [INFO] [Market] ETHEREUM - Price: $2455.64, Volume: 21909579278
2025-06-05 13:52:53,277 [INFO] [Market] RIPPLE - Price: $2.1, Volume: 2593922416
2025-06-05 13:52:54,731 [INFO] [Market] SOLANA - Price: $143.31, Volume: 4801327132
2025-06-05 13:52:56,143 [INFO] [DexScreener] Fetching MIND (Mind of Pepe)...
2025-06-05 13:52:57,369 [INFO] [DexScreener] Fetching WEPE (Wall Street Pepe)...
2025-06-05 13:52:58,418 [INFO] [DexScreener] Fetching MOODENG...
2025-06-05 13:52:58,615 [ERROR] [DexScreener Error] MOODENG: 'NoneType' object is not subscriptable
2025-06-05 13:53:09,246 [INFO] 🚀 Starting new hybrid prediction cycle...
2025-06-05 13:53:09,411 [INFO] [Market] BITCOIN - Price: $101218, Volume: 33878516503
2025-06-05 13:53:09,963 [INFO] [Alert] BITCOIN Action: SELL 🛑 (99.97%)
2025-06-05 13:53:10,888 [INFO] [Market] ETHEREUM - Price: $2455.64, Volume: 21909579278
2025-06-05 13:53:11,418 [INFO] [Alert] ETHEREUM Action: SELL 🛑 (99.5%)
2025-06-05 13:53:12,422 [INFO] [Market] RIPPLE - Price: $2.1, Volume: 2593922416
2025-06-05 13:53:12,955 [INFO] [Alert] RIPPLE Action: SELL 🛑 (65.18%)
2025-06-05 13:53:13,900 [INFO] [Market] SOLANA - Price: $143.31, Volume: 4801327132
2025-06-05 13:53:14,385 [INFO] [Alert] SOLANA Action: SELL 🛑 (76.14%)
2025-06-05 13:53:15,344 [INFO] [DexScreener] Fetching MIND (Mind of Pepe)...
2025-06-05 13:53:15,424 [INFO] [Alert] MIND (Mind of Pepe) Action: SELL 🛑 (50.01%)
2025-06-05 13:53:16,381 [INFO] [DexScreener] Fetching WEPE (Wall Street Pepe)...
2025-06-05 13:53:16,462 [INFO] [Alert] WEPE (Wall Street Pepe) Action: SELL 🛑 (50.0%)
2025-06-05 13:53:17,734 [INFO] [DexScreener] Fetching MOODENG...
2025-06-05 13:53:17,903 [ERROR] [DexScreener Error] MOODENG: 'NoneType' object is not subscriptable
2025-06-05 13:53:17,904 [INFO] ✅ Cycle complete. Sleeping for 1 hour...

2025-06-05 14:52:58,833 [INFO] [Market] BITCOIN - Price: $101345, Volume: 37235531337
2025-06-05 14:53:00,530 [INFO] [Market] ETHEREUM - Price: $2430.45, Volume: 23971155525
2025-06-05 14:53:01,997 [INFO] [Market] RIPPLE - Price: $2.1, Volume: 2688198881
2025-06-05 14:53:03,550 [INFO] [Market] SOLANA - Price: $143.73, Volume: 5069389952
2025-06-05 14:53:04,907 [INFO] [DexScreener] Fetching MIND (Mind of Pepe)...
2025-06-05 14:53:06,093 [INFO] [DexScreener] Fetching WEPE (Wall Street Pepe)...
2025-06-05 14:53:07,352 [INFO] [DexScreener] Fetching MOODENG...
2025-06-05 14:53:07,537 [ERROR] [DexScreener Error] MOODENG: 'NoneType' object is not subscriptable
2025-06-05 14:53:17,918 [INFO] 🚀 Starting new hybrid prediction cycle...
2025-06-05 14:53:18,091 [INFO] [Market] BITCOIN - Price: $101345, Volume: 37235531337
2025-06-05 14:53:18,673 [INFO] [Alert] BITCOIN Action: SELL 🛑 (99.99%)
2025-06-05 14:53:19,570 [INFO] [Market] ETHEREUM - Price: $2430.45, Volume: 23971155525
2025-06-05 14:53:20,498 [INFO] [Alert] ETHEREUM Action: SELL 🛑 (99.7%)
2025-06-05 14:53:21,381 [INFO] [Market] RIPPLE - Price: $2.1, Volume: 2688198881
2025-06-05 14:53:21,924 [INFO] [Alert] RIPPLE Action: SELL 🛑 (65.69%)
2025-06-05 14:53:22,820 [INFO] [Market] SOLANA - Price: $143.73, Volume: 5069389952
2025-06-05 14:53:23,410 [INFO] [Alert] SOLANA Action: SELL 🛑 (77.3%)
2025-06-05 14:53:24,342 [INFO] [DexScreener] Fetching MIND (Mind of Pepe)...
2025-06-05 14:53:24,425 [INFO] [Alert] MIND (Mind of Pepe) Action: SELL 🛑 (50.01%)
2025-06-05 14:53:25,291 [INFO] [DexScreener] Fetching WEPE (Wall Street Pepe)...
2025-06-05 14:53:25,379 [INFO] [Alert] WEPE (Wall Street Pepe) Action: SELL 🛑 (50.0%)
2025-06-05 14:53:26,335 [INFO] [DexScreener] Fetching MOODENG...
2025-06-05 14:53:26,496 [ERROR] [DexScreener Error] MOODENG: 'NoneType' object is not subscriptable
2025-06-05 14:53:26,498 [INFO] ✅ Cycle complete. Sleeping for 1 hour...

2025-06-05 15:53:07,792 [INFO] [Market] BITCOIN - Price: $101611, Volume: 38701086146
2025-06-05 15:53:09,356 [INFO] [Market] ETHEREUM - Price: $2428.21, Volume: 25334188237
2025-06-05 15:53:10,734 [INFO] [Market] RIPPLE - Price: $2.1, Volume: 2812146177
2025-06-05 15:53:12,217 [INFO] [Market] SOLANA - Price: $144.63, Volume: 5124308386
2025-06-05 15:53:13,689 [INFO] [DexScreener] Fetching MIND (Mind of Pepe)...
2025-06-05 15:53:14,808 [INFO] [DexScreener] Fetching WEPE (Wall Street Pepe)...
2025-06-05 15:53:15,908 [INFO] [DexScreener] Fetching MOODENG...
2025-06-05 15:53:16,092 [ERROR] [DexScreener Error] MOODENG: 'NoneType' object is not subscriptable
2025-06-05 15:53:26,511 [INFO] 🚀 Starting new hybrid prediction cycle...
2025-06-05 15:53:26,660 [INFO] [Market] BITCOIN - Price: $101611, Volume: 38701086146
2025-06-05 15:53:27,243 [INFO] [Alert] BITCOIN Action: SELL 🛑 (99.99%)
2025-06-05 15:53:28,097 [INFO] [Market] ETHEREUM - Price: $2428.21, Volume: 25334188237
2025-06-05 15:53:28,636 [INFO] [Alert] ETHEREUM Action: SELL 🛑 (99.78%)
2025-06-05 15:53:29,593 [INFO] [Market] RIPPLE - Price: $2.1, Volume: 2812146177
2025-06-05 15:53:30,118 [INFO] [Alert] RIPPLE Action: SELL 🛑 (66.36%)
2025-06-05 15:53:31,059 [INFO] [Market] SOLANA - Price: $144.63, Volume: 5124308386
2025-06-05 15:53:31,594 [INFO] [Alert] SOLANA Action: SELL 🛑 (77.53%)
2025-06-05 15:53:32,445 [INFO] [DexScreener] Fetching MIND (Mind of Pepe)...
2025-06-05 15:53:32,531 [INFO] [Alert] MIND (Mind of Pepe) Action: SELL 🛑 (50.01%)
2025-06-05 15:53:33,497 [INFO] [DexScreener] Fetching WEPE (Wall Street Pepe)...
2025-06-05 15:53:33,578 [INFO] [Alert] WEPE (Wall Street Pepe) Action: SELL 🛑 (50.0%)
2025-06-05 15:53:34,665 [INFO] [DexScreener] Fetching MOODENG...
2025-06-05 15:53:34,818 [ERROR] [DexScreener Error] MOODENG: 'NoneType' object is not subscriptable
2025-06-05 15:53:34,819 [INFO] ✅ Cycle complete. Sleeping for 1 hour...

2025-06-05 16:53:16,312 [INFO] [Market] BITCOIN - Price: $101644, Volume: 39701695818
2025-06-05 16:53:17,836 [INFO] [Market] ETHEREUM - Price: $2421.99, Volume: 25838601577
2025-06-05 16:53:19,338 [INFO] [Market] RIPPLE - Price: $2.1, Volume: 2890696579
2025-06-05 16:53:20,898 [INFO] [Market] SOLANA - Price: $144.56, Volume: 5147119780
2025-06-05 16:53:22,382 [INFO] [DexScreener] Fetching MIND (Mind of Pepe)...
2025-06-05 16:53:23,604 [INFO] [DexScreener] Fetching WEPE (Wall Street Pepe)...
2025-06-05 16:53:26,884 [INFO] [DexScreener] Fetching MOODENG...
2025-06-05 16:53:27,077 [ERROR] [DexScreener Error] MOODENG: 'NoneType' object is not subscriptable
2025-06-05 16:53:34,828 [INFO] 🚀 Starting new hybrid prediction cycle...
2025-06-05 16:53:34,917 [INFO] [Market] BITCOIN - Price: $101644, Volume: 39701695818
2025-06-05 16:53:35,468 [INFO] [Alert] BITCOIN Action: SELL 🛑 (99.99%)
2025-06-05 16:53:36,412 [INFO] [Market] ETHEREUM - Price: $2421.99, Volume: 25838601577
2025-06-05 16:53:36,962 [INFO] [Alert] ETHEREUM Action: SELL 🛑 (99.81%)
2025-06-05 16:53:37,913 [INFO] [Market] RIPPLE - Price: $2.1, Volume: 2890696579
2025-06-05 16:53:38,888 [INFO] [Alert] RIPPLE Action: SELL 🛑 (66.79%)
2025-06-05 16:53:39,751 [INFO] [Market] SOLANA - Price: $144.56, Volume: 5147119780
2025-06-05 16:53:40,366 [INFO] [Alert] SOLANA Action: SELL 🛑 (77.62%)
2025-06-05 16:53:41,349 [INFO] [DexScreener] Fetching MIND (Mind of Pepe)...
2025-06-05 16:53:41,430 [INFO] [Alert] MIND (Mind of Pepe) Action: SELL 🛑 (50.01%)
2025-06-05 16:53:42,441 [INFO] [DexScreener] Fetching WEPE (Wall Street Pepe)...
2025-06-05 16:53:42,538 [INFO] [Alert] WEPE (Wall Street Pepe) Action: SELL 🛑 (50.0%)
2025-06-05 16:53:43,435 [INFO] [DexScreener] Fetching MOODENG...
2025-06-05 16:53:43,612 [ERROR] [DexScreener Error] MOODENG: 'NoneType' object is not subscriptable
2025-06-05 16:53:43,613 [INFO] ✅ Cycle complete. Sleeping for 1 hour...

2025-06-05 17:47:12,970 [INFO] 🚀 Starting new hybrid prediction cycle...
2025-06-05 17:47:13,501 [INFO] [Market] BITCOIN - Price: $101671, Volume: 40570668318
2025-06-05 17:47:23,382 [INFO] [Alert] BITCOIN Action: SELL 🛑 (99.99%)
2025-06-05 17:47:24,508 [INFO] [Market] ETHEREUM - Price: $2418.29, Volume: 26729199271
2025-06-05 17:47:25,067 [INFO] [Alert] ETHEREUM Action: SELL 🛑 (99.84%)
2025-06-05 17:47:26,058 [INFO] [Market] RIPPLE - Price: $2.1, Volume: 2946899862
2025-06-05 17:47:26,598 [INFO] [Alert] RIPPLE Action: SELL 🛑 (67.09%)
2025-06-05 17:47:27,474 [INFO] [Market] SOLANA - Price: $144.94, Volume: 5210181007
2025-06-05 17:47:27,979 [INFO] [Alert] SOLANA Action: SELL 🛑 (77.89%)
2025-06-05 17:47:28,816 [INFO] [DexScreener] Fetching MIND (Mind of Pepe)...
2025-06-05 17:47:29,108 [INFO] [Alert] MIND (Mind of Pepe) Action: SELL 🛑 (50.01%)
2025-06-05 17:47:30,187 [INFO] [DexScreener] Fetching WEPE (Wall Street Pepe)...
2025-06-05 17:47:30,397 [INFO] [Alert] WEPE (Wall Street Pepe) Action: SELL 🛑 (50.0%)
2025-06-05 17:47:31,379 [INFO] [DexScreener] Fetching MOODENG...
2025-06-05 17:47:31,549 [ERROR] [DexScreener Error] MOODENG: 'NoneType' object is not subscriptable
2025-06-05 17:47:31,550 [INFO] ✅ Cycle complete. Sleeping for 1 hour...

2025-06-05 17:49:31,148 [INFO] 🚀 Starting new hybrid prediction cycle...
2025-06-05 17:49:31,548 [INFO] [Market] BITCOIN - Price: $101676, Volume: 40578953197
2025-06-05 17:49:34,067 [INFO] [Alert] BITCOIN Action: SELL 🛑 (99.99%)
2025-06-05 17:49:35,481 [INFO] [Market] ETHEREUM - Price: $2418.21, Volume: 26735784909
2025-06-05 17:49:35,979 [INFO] [Alert] ETHEREUM Action: SELL 🛑 (99.84%)
2025-06-05 17:49:36,826 [INFO] [Market] RIPPLE - Price: $2.1, Volume: 2946592259
2025-06-05 17:49:37,432 [INFO] [Alert] RIPPLE Action: SELL 🛑 (67.09%)
2025-06-05 17:49:38,345 [INFO] [Market] SOLANA - Price: $144.96, Volume: 5212283190
2025-06-05 17:49:38,862 [INFO] [Alert] SOLANA Action: SELL 🛑 (77.9%)
2025-06-05 17:49:39,747 [INFO] [DexScreener] Fetching MIND (Mind of Pepe)...
2025-06-05 17:49:40,550 [INFO] [Alert] MIND (Mind of Pepe) Action: SELL 🛑 (50.01%)
2025-06-05 17:49:41,546 [INFO] [DexScreener] Fetching WEPE (Wall Street Pepe)...
2025-06-05 17:49:41,754 [INFO] [Alert] WEPE (Wall Street Pepe) Action: SELL 🛑 (50.0%)
2025-06-05 17:49:42,657 [INFO] [DexScreener] Fetching MOODENG...
2025-06-05 17:49:42,818 [ERROR] [DexScreener Error] MOODENG: 'NoneType' object is not subscriptable
2025-06-05 17:49:42,818 [INFO] ✅ Cycle complete. Sleeping for 1 hour...

2025-06-05 17:50:06,593 [INFO] 🚀 Starting new hybrid prediction cycle...
2025-06-05 17:50:06,938 [INFO] [Market] BITCOIN - Price: $101676, Volume: 40578953197
2025-06-05 17:50:09,028 [INFO] [Alert] BITCOIN Action: SELL 🛑 (99.99%)
2025-06-05 17:50:10,207 [INFO] [Market] ETHEREUM - Price: $2418.21, Volume: 26735784909
2025-06-05 17:50:11,071 [INFO] [Alert] ETHEREUM Action: SELL 🛑 (99.84%)
2025-06-05 17:50:12,343 [INFO] [Market] RIPPLE - Price: $2.1, Volume: 2946592259
2025-06-05 17:50:13,090 [INFO] [Alert] RIPPLE Action: SELL 🛑 (67.09%)
2025-06-05 17:50:13,972 [INFO] [Market] SOLANA - Price: $144.96, Volume: 5212283190
2025-06-05 17:50:14,462 [INFO] [Alert] SOLANA Action: SELL 🛑 (77.9%)
2025-06-05 17:50:15,321 [INFO] [DexScreener] Fetching MIND (Mind of Pepe)...
2025-06-05 17:50:15,527 [INFO] [Alert] MIND (Mind of Pepe) Action: SELL 🛑 (50.01%)
2025-06-05 17:50:16,452 [INFO] [DexScreener] Fetching WEPE (Wall Street Pepe)...
2025-06-05 17:50:16,680 [INFO] [Alert] WEPE (Wall Street Pepe) Action: SELL 🛑 (50.0%)
2025-06-05 17:50:17,565 [INFO] [DexScreener] Fetching MOODENG...
2025-06-05 17:50:17,753 [ERROR] [DexScreener Error] MOODENG: 'NoneType' object is not subscriptable
2025-06-05 17:50:17,754 [INFO] ✅ Cycle complete. Sleeping for 1 hour...

2025-06-05 17:52:30,812 [INFO] 🚀 Starting new hybrid prediction cycle...
2025-06-05 17:52:31,160 [INFO] [Market] BITCOIN - Price: $101698, Volume: 40420567232
2025-06-05 17:52:33,609 [INFO] [Alert] BITCOIN Action: SELL 🛑 (99.99%)
2025-06-05 17:52:34,826 [INFO] [Market] ETHEREUM - Price: $2419.83, Volume: 26934184248
2025-06-05 17:52:35,505 [INFO] [Alert] ETHEREUM Action: SELL 🛑 (99.85%)
2025-06-05 17:52:36,644 [INFO] [Market] RIPPLE - Price: $2.1, Volume: 2950642338
2025-06-05 17:52:37,559 [INFO] [Alert] RIPPLE Action: SELL 🛑 (67.11%)
2025-06-05 17:52:38,734 [INFO] [Market] SOLANA - Price: $144.97, Volume: 5217427500
2025-06-05 17:52:39,731 [INFO] [Alert] SOLANA Action: SELL 🛑 (77.92%)
2025-06-05 17:52:40,613 [INFO] [DexScreener] Fetching MIND (Mind of Pepe)...
2025-06-05 17:52:40,836 [INFO] [Alert] MIND (Mind of Pepe) Action: SELL 🛑 (50.01%)
2025-06-05 17:52:41,972 [INFO] [DexScreener] Fetching WEPE (Wall Street Pepe)...
2025-06-05 17:52:42,192 [INFO] [Alert] WEPE (Wall Street Pepe) Action: SELL 🛑 (50.0%)
2025-06-05 17:52:43,185 [INFO] [DexScreener] Fetching MOODENG...
2025-06-05 17:52:43,364 [ERROR] [DexScreener Error] MOODENG: 'NoneType' object is not subscriptable
2025-06-05 17:52:43,366 [INFO] ✅ Cycle complete. Sleeping for 1 hour...

2025-06-05 17:53:27,185 [INFO] [Market] BITCOIN - Price: $101698, Volume: 40420567232
2025-06-05 17:53:30,094 [INFO] [Market] ETHEREUM - Price: $2419.83, Volume: 26934184248
2025-06-05 17:53:31,566 [INFO] [Market] RIPPLE - Price: $2.1, Volume: 2950642338
2025-06-05 17:53:32,977 [INFO] [Market] SOLANA - Price: $144.97, Volume: 5217427500
2025-06-05 17:53:34,716 [INFO] [DexScreener] Fetching MIND (Mind of Pepe)...
2025-06-05 17:53:35,766 [INFO] [DexScreener] Fetching WEPE (Wall Street Pepe)...
2025-06-05 17:53:36,908 [INFO] [DexScreener] Fetching MOODENG...
2025-06-05 17:53:37,114 [ERROR] [DexScreener Error] MOODENG: 'NoneType' object is not subscriptable
